TN:
SF:src\DbTestUtils.ts
FN:16,(anonymous_0)
FN:21,(anonymous_1)
FN:28,(anonymous_2)
FN:46,(anonymous_3)
FN:60,(anonymous_4)
FN:67,(anonymous_5)
FN:77,(anonymous_6)
FN:89,(anonymous_7)
FN:92,(anonymous_8)
FN:100,(anonymous_9)
FN:120,(anonymous_10)
FN:132,(anonymous_11)
FN:139,(anonymous_12)
FN:146,(anonymous_13)
FN:163,(anonymous_14)
FN:169,(anonymous_15)
FNF:16
FNH:11
FNDA:6,(anonymous_0)
FNDA:7,(anonymous_1)
FNDA:118,(anonymous_2)
FNDA:133,(anonymous_3)
FNDA:30,(anonymous_4)
FNDA:105,(anonymous_5)
FNDA:5,(anonymous_6)
FNDA:4,(anonymous_7)
FNDA:2,(anonymous_8)
FNDA:0,(anonymous_9)
FNDA:0,(anonymous_10)
FNDA:0,(anonymous_11)
FNDA:0,(anonymous_12)
FNDA:2,(anonymous_13)
FNDA:1,(anonymous_14)
FNDA:0,(anonymous_15)
DA:1,6
DA:3,6
DA:10,6
DA:11,6
DA:17,6
DA:18,6
DA:22,7
DA:23,6
DA:25,7
DA:30,118
DA:31,118
DA:34,117
DA:37,117
DA:38,117
DA:39,117
DA:42,117
DA:43,117
DA:53,133
DA:60,30
DA:68,105
DA:83,5
DA:89,4
DA:92,2
DA:97,5
DA:106,0
DA:121,0
DA:133,0
DA:139,0
DA:148,2
DA:164,1
DA:165,1
DA:166,1
DA:170,0
LF:33
LH:28
BRDA:22,0,0,6
BRDA:57,1,0,133
BRDA:57,1,1,111
BRDA:86,2,0,5
BRDA:86,2,1,5
BRF:5
BRH:5
end_of_record
TN:
SF:src\app.module.ts
FNF:0
FNH:0
DA:1,0
DA:2,0
DA:4,0
DA:5,0
DA:6,0
DA:7,0
DA:8,0
DA:9,0
DA:10,0
DA:11,0
DA:25,0
LF:11
LH:0
BRF:0
BRH:0
end_of_record
TN:
SF:src\db_utils.ts
FN:33,computeRelationUpdate
FN:37,(anonymous_1)
FN:38,(anonymous_2)
FN:39,(anonymous_3)
FN:41,(anonymous_4)
FN:42,(anonymous_5)
FN:62,computePageQuery
FN:68,(anonymous_7)
FNF:8
FNH:0
FNDA:0,computeRelationUpdate
FNDA:0,(anonymous_1)
FNDA:0,(anonymous_2)
FNDA:0,(anonymous_3)
FNDA:0,(anonymous_4)
FNDA:0,(anonymous_5)
FNDA:0,computePageQuery
FNDA:0,(anonymous_7)
DA:1,0
DA:33,0
DA:34,0
DA:36,0
DA:37,0
DA:38,0
DA:39,0
DA:40,0
DA:41,0
DA:42,0
DA:45,0
DA:62,0
DA:63,0
DA:65,0
DA:66,0
DA:67,0
DA:68,0
DA:73,0
DA:76,0
DA:77,0
DA:79,0
DA:80,0
DA:82,0
DA:83,0
DA:87,0
LF:25
LH:0
BRDA:36,0,0,0
BRDA:62,1,0,0
BRDA:65,2,0,0
BRDA:66,3,0,0
BRDA:66,3,1,0
BRDA:67,4,0,0
BRDA:76,5,0,0
BRDA:76,5,1,0
BRDA:79,6,0,0
BRDA:79,7,0,0
BRDA:79,7,1,0
BRDA:82,8,0,0
BRF:12
BRH:0
end_of_record
TN:
SF:src\main.ts
FN:14,bootstrap
FNF:1
FNH:0
FNDA:0,bootstrap
DA:1,0
DA:2,0
DA:3,0
DA:5,0
DA:7,0
DA:15,0
DA:16,0
DA:25,0
DA:30,0
DA:31,0
DA:33,0
DA:34,0
DA:35,0
DA:36,0
DA:38,0
LF:15
LH:0
BRDA:33,0,0,0
BRDA:33,0,1,0
BRF:2
BRH:0
end_of_record
TN:
SF:src\config\TestConfig.ts
FN:12,(anonymous_0)
FN:17,(anonymous_1)
FN:21,(anonymous_2)
FNF:3
FNH:0
FNDA:0,(anonymous_0)
FNDA:0,(anonymous_1)
FNDA:0,(anonymous_2)
DA:1,0
DA:8,0
DA:10,0
DA:13,0
DA:14,0
DA:18,0
DA:22,0
LF:7
LH:0
BRDA:22,0,0,0
BRDA:22,0,1,0
BRF:2
BRH:0
end_of_record
TN:
SF:src\config\env.validation.ts
FN:9,(anonymous_2)
FN:36,validate
FNF:2
FNH:0
FNDA:0,(anonymous_2)
FNDA:0,validate
DA:1,0
DA:2,0
DA:9,0
DA:11,0
DA:16,0
DA:19,0
DA:22,0
DA:25,0
DA:29,0
DA:32,0
DA:33,0
DA:36,0
DA:37,0
DA:38,0
DA:40,0
DA:41,0
DA:43,0
LF:17
LH:0
BRDA:40,0,0,0
BRF:1
BRH:0
end_of_record
TN:
SF:src\coverage\lcov-report\block-navigation.js
FN:2,init
FN:24,toggleClass
FN:31,makeCurrent
FN:41,goToPrevious
FN:52,goToNext
FN:65,jump
FNF:6
FNH:0
FNDA:0,init
FNDA:0,toggleClass
FNDA:0,makeCurrent
FNDA:0,goToPrevious
FNDA:0,goToNext
FNDA:0,jump
DA:2,0
DA:4,0
DA:7,0
DA:10,0
DA:14,0
DA:20,0
DA:25,0
DA:28,0
DA:32,0
DA:33,0
DA:34,0
DA:42,0
DA:43,0
DA:44,0
DA:45,0
DA:46,0
DA:49,0
DA:53,0
DA:55,0
DA:59,0
DA:62,0
DA:65,0
DA:66,0
DA:71,0
DA:74,0
DA:77,0
DA:78,0
DA:82,0
DA:83,0
DA:87,0
LF:30
LH:0
BRDA:43,0,0,0
BRDA:43,0,1,0
BRDA:43,1,0,0
BRDA:43,1,1,0
BRDA:45,2,0,0
BRDA:45,2,1,0
BRDA:55,3,0,0
BRDA:55,3,1,0
BRDA:56,4,0,0
BRDA:56,4,1,0
BRDA:66,5,0,0
BRDA:66,5,1,0
BRDA:67,6,0,0
BRDA:67,6,1,0
BRDA:74,7,0,0
BRDA:74,7,1,0
BRDA:74,7,2,0
BRDA:74,7,3,0
BRDA:74,7,4,0
BRF:19
BRH:0
end_of_record
TN:
SF:src\coverage\lcov-report\prettify.js
FN:2,(anonymous_0)
FN:2,k
FN:2,ab
FN:2,T
FN:2,X
FN:2,(anonymous_5)
FN:2,W
FN:2,(anonymous_7)
FN:2,a
FN:2,aa
FN:2,B
FN:2,o
FN:2,g
FN:2,(anonymous_13)
FN:2,(anonymous_14)
FN:2,i
FN:2,Q
FN:2,ae
FN:2,ad
FN:2,ai
FN:2,D
FN:2,c
FN:2,q
FN:2,d
FN:2,y
FN:2,b
FN:2,Y
FN:2,(anonymous_27)
FN:2,U
FNF:29
FNH:0
FNDA:0,(anonymous_0)
FNDA:0,k
FNDA:0,ab
FNDA:0,T
FNDA:0,X
FNDA:0,(anonymous_5)
FNDA:0,W
FNDA:0,(anonymous_7)
FNDA:0,a
FNDA:0,aa
FNDA:0,B
FNDA:0,o
FNDA:0,g
FNDA:0,(anonymous_13)
FNDA:0,(anonymous_14)
FNDA:0,i
FNDA:0,Q
FNDA:0,ae
FNDA:0,ad
FNDA:0,ai
FNDA:0,D
FNDA:0,c
FNDA:0,q
FNDA:0,d
FNDA:0,y
FNDA:0,b
FNDA:0,Y
FNDA:0,(anonymous_27)
FNDA:0,U
DA:2,0
LF:1
LH:0
BRDA:2,0,0,0
BRDA:2,0,1,0
BRDA:2,1,0,0
BRDA:2,1,1,0
BRDA:2,2,0,0
BRDA:2,2,1,0
BRDA:2,3,0,0
BRDA:2,3,1,0
BRDA:2,4,0,0
BRDA:2,4,1,0
BRDA:2,5,0,0
BRDA:2,5,1,0
BRDA:2,6,0,0
BRDA:2,6,1,0
BRDA:2,7,0,0
BRDA:2,7,1,0
BRDA:2,8,0,0
BRDA:2,8,1,0
BRDA:2,9,0,0
BRDA:2,9,1,0
BRDA:2,10,0,0
BRDA:2,10,1,0
BRDA:2,11,0,0
BRDA:2,11,1,0
BRDA:2,11,2,0
BRDA:2,11,3,0
BRDA:2,12,0,0
BRDA:2,12,1,0
BRDA:2,13,0,0
BRDA:2,13,1,0
BRDA:2,14,0,0
BRDA:2,14,1,0
BRDA:2,15,0,0
BRDA:2,15,1,0
BRDA:2,16,0,0
BRDA:2,16,1,0
BRDA:2,17,0,0
BRDA:2,17,1,0
BRDA:2,18,0,0
BRDA:2,18,1,0
BRDA:2,19,0,0
BRDA:2,19,1,0
BRDA:2,20,0,0
BRDA:2,20,1,0
BRDA:2,21,0,0
BRDA:2,21,1,0
BRDA:2,22,0,0
BRDA:2,22,1,0
BRDA:2,23,0,0
BRDA:2,23,1,0
BRDA:2,24,0,0
BRDA:2,24,1,0
BRDA:2,25,0,0
BRDA:2,25,1,0
BRDA:2,26,0,0
BRDA:2,26,1,0
BRDA:2,27,0,0
BRDA:2,27,1,0
BRDA:2,28,0,0
BRDA:2,28,1,0
BRDA:2,29,0,0
BRDA:2,29,1,0
BRDA:2,30,0,0
BRDA:2,30,1,0
BRDA:2,31,0,0
BRDA:2,31,1,0
BRDA:2,32,0,0
BRDA:2,32,1,0
BRDA:2,33,0,0
BRDA:2,33,1,0
BRDA:2,34,0,0
BRDA:2,34,1,0
BRDA:2,35,0,0
BRDA:2,35,1,0
BRDA:2,36,0,0
BRDA:2,36,1,0
BRDA:2,37,0,0
BRDA:2,37,1,0
BRDA:2,38,0,0
BRDA:2,38,1,0
BRDA:2,39,0,0
BRDA:2,39,1,0
BRDA:2,40,0,0
BRDA:2,40,1,0
BRDA:2,41,0,0
BRDA:2,41,1,0
BRDA:2,42,0,0
BRDA:2,42,1,0
BRDA:2,43,0,0
BRDA:2,43,1,0
BRDA:2,44,0,0
BRDA:2,44,1,0
BRDA:2,45,0,0
BRDA:2,45,1,0
BRDA:2,46,0,0
BRDA:2,46,1,0
BRDA:2,47,0,0
BRDA:2,47,1,0
BRDA:2,48,0,0
BRDA:2,48,1,0
BRDA:2,49,0,0
BRDA:2,49,1,0
BRDA:2,50,0,0
BRDA:2,50,1,0
BRDA:2,50,2,0
BRDA:2,51,0,0
BRDA:2,51,1,0
BRDA:2,52,0,0
BRDA:2,52,1,0
BRDA:2,53,0,0
BRDA:2,53,1,0
BRDA:2,54,0,0
BRDA:2,54,1,0
BRDA:2,55,0,0
BRDA:2,55,1,0
BRDA:2,56,0,0
BRDA:2,56,1,0
BRDA:2,57,0,0
BRDA:2,57,1,0
BRDA:2,58,0,0
BRDA:2,58,1,0
BRDA:2,59,0,0
BRDA:2,59,1,0
BRDA:2,60,0,0
BRDA:2,60,1,0
BRDA:2,61,0,0
BRDA:2,61,1,0
BRDA:2,62,0,0
BRDA:2,62,1,0
BRDA:2,63,0,0
BRDA:2,63,1,0
BRDA:2,64,0,0
BRDA:2,64,1,0
BRDA:2,65,0,0
BRDA:2,65,1,0
BRDA:2,66,0,0
BRDA:2,66,1,0
BRDA:2,67,0,0
BRDA:2,67,1,0
BRDA:2,68,0,0
BRDA:2,68,1,0
BRDA:2,69,0,0
BRDA:2,69,1,0
BRDA:2,70,0,0
BRDA:2,70,1,0
BRDA:2,71,0,0
BRDA:2,71,1,0
BRDA:2,72,0,0
BRDA:2,72,1,0
BRDA:2,73,0,0
BRDA:2,73,1,0
BRDA:2,74,0,0
BRDA:2,74,1,0
BRDA:2,75,0,0
BRDA:2,75,1,0
BRDA:2,76,0,0
BRDA:2,76,1,0
BRDA:2,77,0,0
BRDA:2,77,1,0
BRDA:2,78,0,0
BRDA:2,78,1,0
BRDA:2,79,0,0
BRDA:2,79,1,0
BRDA:2,80,0,0
BRDA:2,80,1,0
BRDA:2,81,0,0
BRDA:2,81,1,0
BRDA:2,82,0,0
BRDA:2,82,1,0
BRDA:2,83,0,0
BRDA:2,83,1,0
BRDA:2,84,0,0
BRDA:2,84,1,0
BRDA:2,85,0,0
BRDA:2,85,1,0
BRDA:2,86,0,0
BRDA:2,86,1,0
BRDA:2,87,0,0
BRDA:2,87,1,0
BRDA:2,88,0,0
BRDA:2,88,1,0
BRDA:2,89,0,0
BRDA:2,89,1,0
BRDA:2,89,2,0
BRDA:2,90,0,0
BRDA:2,90,1,0
BRDA:2,91,0,0
BRDA:2,91,1,0
BRDA:2,92,0,0
BRDA:2,92,1,0
BRDA:2,93,0,0
BRDA:2,93,1,0
BRDA:2,94,0,0
BRDA:2,94,1,0
BRDA:2,95,0,0
BRDA:2,95,1,0
BRDA:2,96,0,0
BRDA:2,96,1,0
BRDA:2,97,0,0
BRDA:2,97,1,0
BRDA:2,98,0,0
BRDA:2,98,1,0
BRDA:2,99,0,0
BRDA:2,99,1,0
BRDA:2,100,0,0
BRDA:2,100,1,0
BRDA:2,101,0,0
BRDA:2,101,1,0
BRDA:2,102,0,0
BRDA:2,102,1,0
BRDA:2,103,0,0
BRDA:2,103,1,0
BRDA:2,104,0,0
BRDA:2,104,1,0
BRDA:2,105,0,0
BRDA:2,105,1,0
BRDA:2,106,0,0
BRDA:2,106,1,0
BRDA:2,107,0,0
BRDA:2,107,1,0
BRDA:2,108,0,0
BRDA:2,108,1,0
BRDA:2,109,0,0
BRDA:2,109,1,0
BRDA:2,110,0,0
BRDA:2,110,1,0
BRDA:2,111,0,0
BRDA:2,111,1,0
BRDA:2,112,0,0
BRDA:2,112,1,0
BRDA:2,113,0,0
BRDA:2,113,1,0
BRDA:2,114,0,0
BRDA:2,114,1,0
BRDA:2,115,0,0
BRDA:2,115,1,0
BRDA:2,116,0,0
BRDA:2,116,1,0
BRDA:2,117,0,0
BRDA:2,117,1,0
BRDA:2,118,0,0
BRDA:2,118,1,0
BRDA:2,119,0,0
BRDA:2,119,1,0
BRDA:2,120,0,0
BRDA:2,120,1,0
BRDA:2,121,0,0
BRDA:2,121,1,0
BRDA:2,122,0,0
BRDA:2,122,1,0
BRDA:2,123,0,0
BRDA:2,123,1,0
BRDA:2,124,0,0
BRDA:2,124,1,0
BRDA:2,125,0,0
BRDA:2,125,1,0
BRDA:2,126,0,0
BRDA:2,126,1,0
BRDA:2,127,0,0
BRDA:2,127,1,0
BRDA:2,128,0,0
BRDA:2,128,1,0
BRDA:2,128,2,0
BRDA:2,129,0,0
BRDA:2,129,1,0
BRDA:2,130,0,0
BRDA:2,130,1,0
BRDA:2,131,0,0
BRDA:2,131,1,0
BRDA:2,131,2,0
BRDA:2,131,3,0
BRDA:2,131,4,0
BRDA:2,132,0,0
BRDA:2,132,1,0
BRDA:2,133,0,0
BRDA:2,133,1,0
BRDA:2,134,0,0
BRDA:2,134,1,0
BRDA:2,135,0,0
BRDA:2,135,1,0
BRDA:2,136,0,0
BRDA:2,136,1,0
BRDA:2,137,0,0
BRDA:2,137,1,0
BRDA:2,138,0,0
BRDA:2,138,1,0
BRF:286
BRH:0
end_of_record
TN:
SF:src\coverage\lcov-report\sorter.js
FN:2,(anonymous_0)
FN:11,getTable
FN:15,getTableHeader
FN:19,getTableBody
FN:23,getNthColumn
FN:27,onFilterInput
FN:45,addSearchBox
FN:53,loadColumns
FN:78,loadRowData
FN:97,loadData
FN:106,sortByIndex
FN:108,(anonymous_11)
FN:120,(anonymous_12)
FN:137,removeSortIndicators
FN:145,addSortIndicators
FN:151,enableUI
FN:154,ithSorter
FN:157,(anonymous_17)
FN:184,(anonymous_18)
FNF:19
FNH:0
FNDA:0,(anonymous_0)
FNDA:0,getTable
FNDA:0,getTableHeader
FNDA:0,getTableBody
FNDA:0,getNthColumn
FNDA:0,onFilterInput
FNDA:0,addSearchBox
FNDA:0,loadColumns
FNDA:0,loadRowData
FNDA:0,loadData
FNDA:0,sortByIndex
FNDA:0,(anonymous_11)
FNDA:0,(anonymous_12)
FNDA:0,removeSortIndicators
FNDA:0,addSortIndicators
FNDA:0,enableUI
FNDA:0,ithSorter
FNDA:0,(anonymous_17)
FNDA:0,(anonymous_18)
DA:2,0
DA:5,0
DA:12,0
DA:16,0
DA:20,0
DA:24,0
DA:28,0
DA:29,0
DA:30,0
DA:31,0
DA:32,0
DA:37,0
DA:39,0
DA:46,0
DA:47,0
DA:48,0
DA:49,0
DA:54,0
DA:56,0
DA:60,0
DA:61,0
DA:62,0
DA:67,0
DA:68,0
DA:69,0
DA:70,0
DA:74,0
DA:79,0
DA:82,0
DA:85,0
DA:86,0
DA:87,0
DA:88,0
DA:89,0
DA:90,0
DA:92,0
DA:94,0
DA:98,0
DA:101,0
DA:102,0
DA:107,0
DA:108,0
DA:109,0
DA:110,0
DA:111,0
DA:113,0
DA:114,0
DA:115,0
DA:116,0
DA:119,0
DA:120,0
DA:121,0
DA:125,0
DA:126,0
DA:127,0
DA:130,0
DA:132,0
DA:133,0
DA:138,0
DA:139,0
DA:141,0
DA:142,0
DA:146,0
DA:154,0
DA:155,0
DA:157,0
DA:158,0
DA:160,0
DA:161,0
DA:163,0
DA:164,0
DA:165,0
DA:166,0
DA:167,0
DA:170,0
DA:171,0
DA:174,0
DA:175,0
DA:176,0
DA:178,0
DA:184,0
DA:185,0
DA:186,0
DA:188,0
DA:189,0
DA:190,0
DA:191,0
DA:192,0
DA:196,0
LF:89
LH:0
BRDA:32,0,0,0
BRDA:32,0,1,0
BRDA:65,1,0,0
BRDA:65,1,1,0
BRDA:68,2,0,0
BRDA:68,2,1,0
BRDA:89,3,0,0
BRDA:89,3,1,0
BRDA:111,4,0,0
BRDA:111,4,1,0
BRDA:111,5,0,0
BRDA:111,5,1,0
BRDA:119,6,0,0
BRDA:119,6,1,0
BRDA:146,7,0,0
BRDA:146,7,1,0
BRDA:160,8,0,0
BRDA:160,8,1,0
BRDA:171,9,0,0
BRDA:171,9,1,0
BRDA:175,10,0,0
BRDA:175,10,1,0
BRDA:185,11,0,0
BRDA:185,11,1,0
BRF:24
BRH:0
end_of_record
TN:
SF:src\events\dtos\mls-actionEntity.dto.ts
FN:1,(anonymous_0)
FNF:1
FNH:1
FNDA:1,(anonymous_0)
DA:1,1
DA:2,1
DA:3,1
DA:4,1
DA:5,1
DA:6,1
LF:6
LH:6
BRDA:1,0,0,1
BRDA:1,0,1,1
BRF:2
BRH:2
end_of_record
TN:
SF:src\events\dtos\mls-actionType.dto.ts
FN:1,(anonymous_0)
FNF:1
FNH:1
FNDA:1,(anonymous_0)
DA:1,1
DA:2,1
DA:3,1
DA:4,1
LF:4
LH:4
BRDA:1,0,0,1
BRDA:1,0,1,1
BRF:2
BRH:2
end_of_record
TN:
SF:src\events\dtos\mls-event.dto.ts
FN:17,(anonymous_2)
FNF:1
FNH:0
FNDA:0,(anonymous_2)
DA:1,1
DA:2,1
DA:3,1
DA:5,1
DA:6,1
DA:10,1
DA:14,1
DA:19,0
DA:20,0
DA:22,0
LF:10
LH:7
BRF:0
BRH:0
end_of_record
TN:
SF:src\learningPath\learningPath.controller.ts
FN:13,(anonymous_4)
FN:21,(anonymous_5)
FN:33,(anonymous_6)
FN:43,(anonymous_7)
FN:63,(anonymous_8)
FNF:5
FNH:0
FNDA:0,(anonymous_4)
FNDA:0,(anonymous_5)
FNDA:0,(anonymous_6)
FNDA:0,(anonymous_7)
FNDA:0,(anonymous_8)
DA:1,0
DA:2,0
DA:4,0
DA:6,0
DA:12,0
DA:13,0
DA:20,0
DA:22,0
DA:32,0
DA:34,0
DA:42,0
DA:44,0
DA:61,0
DA:67,0
LF:14
LH:0
BRF:0
BRH:0
end_of_record
TN:
SF:src\learningPath\learningPath.module.ts
FNF:0
FNH:0
DA:1,0
DA:3,0
DA:4,0
DA:10,0
LF:4
LH:0
BRF:0
BRH:0
end_of_record
TN:
SF:src\learningPath\learningPath.service.ts
FN:19,(anonymous_2)
FN:28,(anonymous_3)
FN:36,(anonymous_4)
FN:41,(anonymous_5)
FN:46,(anonymous_6)
FN:68,(anonymous_7)
FN:81,(anonymous_8)
FN:92,(anonymous_9)
FN:105,(anonymous_10)
FN:127,(anonymous_11)
FN:128,(anonymous_12)
FN:134,(anonymous_13)
FN:143,(anonymous_14)
FN:145,(anonymous_15)
FN:145,(anonymous_16)
FN:153,(anonymous_17)
FNF:16
FNH:8
FNDA:1,(anonymous_2)
FNDA:3,(anonymous_3)
FNDA:1,(anonymous_4)
FNDA:0,(anonymous_5)
FNDA:0,(anonymous_6)
FNDA:3,(anonymous_7)
FNDA:5,(anonymous_8)
FNDA:2,(anonymous_9)
FNDA:1,(anonymous_10)
FNDA:1,(anonymous_11)
FNDA:0,(anonymous_12)
FNDA:0,(anonymous_13)
FNDA:0,(anonymous_14)
FNDA:0,(anonymous_15)
FNDA:0,(anonymous_16)
FNDA:0,(anonymous_17)
DA:1,1
DA:3,1
DA:4,1
DA:11,1
DA:18,1
DA:19,1
DA:30,3
DA:31,3
DA:36,1
DA:41,0
DA:46,0
DA:56,2
DA:58,1
DA:60,1
DA:61,1
DA:64,0
DA:69,3
DA:74,3
DA:75,2
DA:78,1
DA:82,5
DA:87,5
DA:88,0
DA:91,5
DA:92,5
DA:93,2
DA:96,5
DA:106,1
DA:123,1
DA:124,0
DA:125,1
DA:126,1
DA:128,1
DA:130,1
DA:134,0
DA:135,0
DA:139,0
DA:140,0
DA:141,0
DA:142,0
DA:143,0
DA:145,0
DA:148,0
DA:150,0
DA:153,0
DA:158,0
DA:180,0
LF:47
LH:29
BRDA:58,0,0,1
BRDA:60,1,0,1
BRDA:74,2,0,2
BRDA:87,3,0,0
BRDA:123,4,0,0
BRDA:123,4,1,1
BRDA:125,5,0,1
BRDA:148,6,0,0
BRDA:148,6,1,0
BRF:9
BRH:5
end_of_record
TN:
SF:src\learningPath\dto\index.ts
FNF:0
FNH:0
DA:1,1
DA:2,1
DA:3,1
DA:4,1
DA:5,1
DA:6,1
LF:6
LH:6
BRF:0
BRH:0
end_of_record
TN:
SF:src\learningPath\dto\learningPath-creation.dto.ts
FNF:0
FNH:0
DA:1,1
DA:9,1
DA:10,1
DA:13,1
DA:16,1
LF:5
LH:5
BRF:0
BRH:0
end_of_record
TN:
SF:src\learningPath\dto\learningPath-list.dto.ts
FNF:0
FNH:0
DA:1,1
DA:5,1
DA:6,1
LF:3
LH:3
BRF:0
BRH:0
end_of_record
TN:
SF:src\learningPath\dto\learningPath.dto.ts
FN:16,(anonymous_2)
FN:24,(anonymous_3)
FN:25,(anonymous_4)
FNF:3
FNH:3
FNDA:5,(anonymous_2)
FNDA:5,(anonymous_3)
FNDA:1,(anonymous_4)
DA:1,1
DA:5,1
DA:6,1
DA:7,1
DA:9,1
DA:10,1
DA:13,1
DA:17,5
DA:18,5
DA:19,5
DA:20,5
DA:21,5
DA:25,5
DA:27,5
LF:14
LH:14
BRDA:20,0,0,5
BRDA:20,0,1,5
BRDA:25,1,0,5
BRDA:25,1,1,0
BRF:4
BRH:3
end_of_record
TN:
SF:src\learningPath\dto\pathGoal-creation.dto.ts
FN:23,(anonymous_2)
FNF:1
FNH:1
FNDA:2,(anonymous_2)
DA:1,1
DA:7,1
DA:8,1
DA:11,1
DA:14,1
DA:17,1
DA:20,1
DA:30,2
DA:31,2
DA:32,2
DA:34,2
DA:35,2
LF:12
LH:12
BRDA:31,0,0,2
BRDA:31,0,1,2
BRDA:32,1,0,2
BRDA:32,1,1,0
BRF:4
BRH:3
end_of_record
TN:
SF:src\learningPath\dto\pathGoal.dto.ts
FN:13,(anonymous_2)
FN:25,(anonymous_3)
FN:32,(anonymous_4)
FN:34,(anonymous_5)
FNF:4
FNH:2
FNDA:1,(anonymous_2)
FNDA:1,(anonymous_3)
FNDA:0,(anonymous_4)
FNDA:0,(anonymous_5)
DA:1,1
DA:2,1
DA:4,1
DA:9,1
DA:10,1
DA:21,1
DA:22,1
DA:32,1
DA:34,1
DA:36,1
LF:10
LH:10
BRDA:32,0,0,1
BRDA:32,0,1,1
BRDA:34,1,0,1
BRDA:34,1,1,1
BRF:4
BRH:4
end_of_record
TN:
SF:src\learningPath\dto\preferredPath.dto.ts
FNF:0
FNH:0
DA:1,1
DA:6,1
DA:7,1
LF:3
LH:3
BRF:0
BRH:0
end_of_record
TN:
SF:src\learningUnit\learningUnit.module.ts
FNF:0
FNH:0
DA:1,1
DA:3,1
DA:4,1
DA:5,1
DA:12,1
LF:5
LH:5
BRF:0
BRH:0
end_of_record
TN:
SF:src\learningUnit\learningUnit.search.controller.ts
FN:12,(anonymous_4)
FN:20,(anonymous_5)
FN:32,(anonymous_6)
FN:36,(anonymous_7)
FN:46,(anonymous_8)
FN:50,(anonymous_9)
FNF:6
FNH:1
FNDA:1,(anonymous_4)
FNDA:0,(anonymous_5)
FNDA:0,(anonymous_6)
FNDA:0,(anonymous_7)
FNDA:0,(anonymous_8)
FNDA:0,(anonymous_9)
DA:1,1
DA:2,1
DA:4,1
DA:6,1
DA:7,1
DA:11,1
DA:12,1
DA:19,1
DA:21,0
DA:31,1
DA:33,0
DA:35,1
DA:37,0
DA:45,1
DA:47,0
DA:49,1
DA:51,0
LF:17
LH:12
BRF:0
BRH:0
end_of_record
TN:
SF:src\learningUnit\learningUnit.service.ts
FN:17,(anonymous_2)
FN:46,(anonymous_3)
FN:54,(anonymous_4)
FN:58,(anonymous_5)
FN:61,(anonymous_6)
FN:65,(anonymous_7)
FNF:6
FNH:1
FNDA:0,(anonymous_2)
FNDA:1,(anonymous_3)
FNDA:0,(anonymous_4)
FNDA:0,(anonymous_5)
FNDA:0,(anonymous_6)
FNDA:0,(anonymous_7)
DA:1,1
DA:3,1
DA:4,1
DA:6,1
DA:7,1
DA:16,1
DA:18,0
DA:19,0
DA:37,0
DA:38,0
DA:40,0
DA:41,0
DA:43,0
DA:46,1
DA:55,0
DA:59,0
DA:62,0
DA:66,0
LF:18
LH:7
BRDA:18,0,0,0
BRDA:18,0,1,0
BRDA:18,1,0,0
BRDA:18,1,1,0
BRDA:38,2,0,0
BRDA:38,2,1,0
BRDA:38,3,0,0
BRDA:38,3,1,0
BRDA:40,4,0,0
BRDA:40,4,1,0
BRDA:40,5,0,0
BRDA:40,5,1,0
BRF:12
BRH:0
end_of_record
TN:
SF:src\learningUnit\learningUnitFactory.ts
FN:18,(anonymous_2)
FN:21,(anonymous_3)
FN:55,(anonymous_4)
FN:71,(anonymous_5)
FN:77,(anonymous_6)
FN:93,(anonymous_7)
FN:100,(anonymous_8)
FN:101,(anonymous_9)
FN:106,(anonymous_10)
FN:120,(anonymous_11)
FN:143,(anonymous_12)
FN:147,(anonymous_13)
FN:169,(anonymous_14)
FNF:13
FNH:8
FNDA:12,(anonymous_2)
FNDA:1,(anonymous_3)
FNDA:1,(anonymous_4)
FNDA:0,(anonymous_5)
FNDA:2,(anonymous_6)
FNDA:7,(anonymous_7)
FNDA:0,(anonymous_8)
FNDA:0,(anonymous_9)
FNDA:2,(anonymous_10)
FNDA:6,(anonymous_11)
FNDA:0,(anonymous_12)
FNDA:0,(anonymous_13)
FNDA:6,(anonymous_14)
DA:1,2
DA:2,2
DA:3,2
DA:4,2
DA:5,2
DA:14,2
DA:18,12
DA:22,1
DA:24,1
DA:26,1
DA:27,0
DA:29,1
DA:30,1
DA:34,0
DA:39,0
DA:40,0
DA:44,0
DA:47,1
DA:56,1
DA:64,1
DA:65,0
DA:68,1
DA:72,0
DA:74,0
DA:78,2
DA:86,2
DA:87,0
DA:90,2
DA:99,7
DA:100,7
DA:101,7
DA:103,7
DA:107,2
DA:108,2
DA:109,2
DA:111,2
DA:122,6
DA:123,6
DA:143,0
DA:147,0
DA:157,6
DA:159,0
DA:161,0
DA:162,0
DA:165,0
DA:170,6
LF:46
LH:31
BRDA:26,0,0,0
BRDA:29,1,0,1
BRDA:39,2,0,0
BRDA:64,3,0,0
BRDA:86,4,0,0
BRDA:100,5,0,7
BRDA:100,5,1,0
BRDA:101,6,0,7
BRDA:101,6,1,0
BRDA:126,7,0,6
BRDA:126,7,1,0
BRDA:127,8,0,6
BRDA:127,8,1,6
BRDA:129,9,0,6
BRDA:129,9,1,6
BRDA:130,10,0,6
BRDA:130,10,1,0
BRDA:143,11,0,6
BRDA:143,11,1,0
BRDA:147,12,0,6
BRDA:147,12,1,0
BRDA:159,13,0,0
BRDA:161,14,0,0
BRF:23
BRH:11
end_of_record
TN:
SF:src\learningUnit\dto\index.ts
FNF:0
FNH:0
DA:1,2
DA:2,2
LF:2
LH:2
BRF:0
BRH:0
end_of_record
TN:
SF:src\learningUnit\dto\learning-unit-creation.dto.ts
FN:33,(anonymous_2)
FNF:1
FNH:1
FNDA:13,(anonymous_2)
DA:1,2
DA:10,2
DA:11,2
DA:13,2
DA:21,2
DA:24,2
DA:27,2
DA:28,13
DA:30,2
DA:31,13
DA:34,13
DA:35,13
DA:36,13
DA:37,13
LF:14
LH:14
BRDA:35,0,0,13
BRDA:35,0,1,0
BRDA:36,1,0,13
BRDA:36,1,1,0
BRDA:37,2,0,13
BRDA:37,2,1,6
BRF:6
BRH:4
end_of_record
TN:
SF:src\learningUnit\dto\search\index.ts
FNF:0
FNH:0
DA:1,2
DA:2,2
DA:3,2
LF:3
LH:3
BRF:0
BRH:0
end_of_record
TN:
SF:src\learningUnit\dto\search\learningUnit-creation.dto.ts
FN:48,(anonymous_2)
FN:88,(anonymous_3)
FNF:2
FNH:2
FNDA:13,(anonymous_2)
FNDA:6,(anonymous_3)
DA:1,2
DA:2,2
DA:3,2
DA:10,2
DA:11,2
DA:14,2
DA:17,2
DA:20,2
DA:23,2
DA:26,2
DA:29,2
DA:32,2
DA:35,2
DA:38,2
DA:41,2
DA:44,2
DA:67,13
DA:68,13
DA:69,13
DA:70,13
DA:71,13
DA:72,13
DA:73,13
DA:74,13
DA:75,13
DA:76,13
DA:77,13
DA:78,13
DA:79,13
DA:91,6
LF:30
LH:30
BRDA:68,0,0,13
BRDA:68,0,1,6
BRDA:69,1,0,13
BRDA:69,1,1,6
BRDA:70,2,0,13
BRDA:70,2,1,6
BRDA:71,3,0,13
BRDA:71,3,1,6
BRDA:72,4,0,13
BRDA:72,4,1,6
BRDA:73,5,0,13
BRDA:73,5,1,6
BRDA:74,6,0,13
BRDA:74,6,1,6
BRDA:75,7,0,13
BRDA:75,7,1,6
BRDA:76,8,0,13
BRDA:76,8,1,6
BRDA:77,9,0,13
BRDA:77,9,1,13
BRDA:78,10,0,13
BRDA:78,10,1,0
BRDA:79,11,0,13
BRDA:79,11,1,6
BRDA:92,12,0,6
BRDA:92,12,1,3
BRDA:93,13,0,6
BRDA:93,13,1,6
BRDA:94,14,0,6
BRDA:94,14,1,0
BRDA:95,15,0,6
BRDA:95,15,1,6
BRDA:96,16,0,6
BRDA:96,16,1,6
BRDA:97,17,0,6
BRDA:97,17,1,6
BRDA:98,18,0,6
BRDA:98,18,1,6
BRDA:99,19,0,6
BRDA:99,19,1,6
BRDA:100,20,0,6
BRDA:100,20,1,6
BRDA:101,21,0,6
BRDA:101,21,1,6
BRDA:102,22,0,6
BRDA:102,22,1,6
BRDA:103,23,0,6
BRDA:103,23,1,6
BRDA:104,24,0,6
BRDA:104,24,1,6
BRDA:105,25,0,6
BRDA:105,25,1,6
BRDA:106,26,0,6
BRDA:106,26,1,5
BRDA:107,27,0,6
BRDA:107,27,1,6
BRF:56
BRH:54
end_of_record
TN:
SF:src\learningUnit\dto\search\learningUnit-list.dto.ts
FN:5,(anonymous_2)
FNF:1
FNH:1
FNDA:2,(anonymous_2)
DA:1,2
DA:5,2
DA:6,2
DA:7,2
LF:4
LH:4
BRF:0
BRH:0
end_of_record
TN:
SF:src\learningUnit\dto\search\learningUnit.dto.ts
FN:8,(anonymous_0)
FN:48,(anonymous_1)
FNF:2
FNH:2
FNDA:7,(anonymous_0)
FNDA:7,(anonymous_1)
DA:3,2
DA:6,2
DA:27,7
DA:49,7
LF:4
LH:4
BRF:0
BRH:0
end_of_record
TN:
SF:src\nugget\nugget.controller.ts
FN:11,(anonymous_4)
FN:19,(anonymous_5)
FN:31,(anonymous_6)
FN:41,(anonymous_7)
FNF:4
FNH:0
FNDA:0,(anonymous_4)
FNDA:0,(anonymous_5)
FNDA:0,(anonymous_6)
FNDA:0,(anonymous_7)
DA:1,0
DA:2,0
DA:4,0
DA:6,0
DA:10,0
DA:11,0
DA:18,0
DA:20,0
DA:30,0
DA:32,0
DA:40,0
DA:42,0
LF:12
LH:0
BRF:0
BRH:0
end_of_record
TN:
SF:src\nugget\nugget.module.ts
FNF:0
FNH:0
DA:1,0
DA:3,0
DA:4,0
DA:11,0
LF:4
LH:0
BRF:0
BRH:0
end_of_record
TN:
SF:src\nugget\nugget.service.ts
FN:13,(anonymous_2)
FN:21,(anonymous_3)
FN:47,(anonymous_4)
FN:57,(anonymous_5)
FN:67,(anonymous_6)
FN:75,(anonymous_7)
FNF:6
FNH:0
FNDA:0,(anonymous_2)
FNDA:0,(anonymous_3)
FNDA:0,(anonymous_4)
FNDA:0,(anonymous_5)
FNDA:0,(anonymous_6)
FNDA:0,(anonymous_7)
DA:1,0
DA:2,0
DA:4,0
DA:5,0
DA:12,0
DA:13,0
DA:23,0
DA:24,0
DA:35,0
DA:37,0
DA:39,0
DA:40,0
DA:43,0
DA:48,0
DA:50,0
DA:51,0
DA:54,0
DA:58,0
DA:60,0
DA:61,0
DA:64,0
DA:68,0
DA:70,0
DA:71,0
DA:74,0
DA:75,0
DA:77,0
LF:27
LH:0
BRDA:37,0,0,0
BRDA:39,1,0,0
BRDA:50,2,0,0
BRDA:60,3,0,0
BRDA:70,4,0,0
BRF:5
BRH:0
end_of_record
TN:
SF:src\nugget\dto\index.ts
FNF:0
FNH:0
DA:1,0
DA:2,0
DA:3,0
LF:3
LH:0
BRF:0
BRH:0
end_of_record
TN:
SF:src\nugget\dto\nugget-creation.dto.ts
FN:40,(anonymous_2)
FNF:1
FNH:0
FNDA:0,(anonymous_2)
DA:1,0
DA:2,0
DA:3,0
DA:8,0
DA:9,0
DA:12,0
DA:16,0
DA:19,0
DA:34,0
DA:37,0
DA:48,0
DA:49,0
DA:50,0
DA:51,0
DA:52,0
DA:53,0
LF:16
LH:0
BRDA:52,0,0,0
BRDA:52,0,1,0
BRDA:53,1,0,0
BRDA:53,1,1,0
BRF:4
BRH:0
end_of_record
TN:
SF:src\nugget\dto\nugget-list.dto.ts
FNF:0
FNH:0
DA:1,0
DA:5,0
DA:6,0
LF:3
LH:0
BRF:0
BRH:0
end_of_record
TN:
SF:src\nugget\dto\nugget.dto.ts
FN:11,(anonymous_2)
FN:24,(anonymous_3)
FNF:2
FNH:0
FNDA:0,(anonymous_2)
FNDA:0,(anonymous_3)
DA:1,0
DA:5,0
DA:7,0
DA:8,0
DA:20,0
DA:21,0
DA:25,0
LF:7
LH:0
BRF:0
BRH:0
end_of_record
TN:
SF:src\pathFinder\pathFinder.controller.ts
FN:10,(anonymous_4)
FN:13,(anonymous_5)
FN:18,(anonymous_6)
FN:28,(anonymous_7)
FN:60,(anonymous_8)
FN:66,(anonymous_9)
FNF:6
FNH:1
FNDA:1,(anonymous_4)
FNDA:0,(anonymous_5)
FNDA:0,(anonymous_6)
FNDA:0,(anonymous_7)
FNDA:0,(anonymous_8)
FNDA:0,(anonymous_9)
DA:1,1
DA:2,1
DA:4,1
DA:5,1
DA:9,1
DA:10,1
DA:12,1
DA:14,0
DA:17,1
DA:19,0
DA:27,1
DA:29,0
DA:59,1
DA:61,0
DA:65,1
DA:67,0
LF:16
LH:11
BRF:0
BRH:0
end_of_record
TN:
SF:src\pathFinder\pathFinder.module.ts
FNF:0
FNH:0
DA:1,1
DA:3,1
DA:4,1
DA:5,1
DA:6,1
DA:13,1
LF:6
LH:6
BRF:0
BRH:0
end_of_record
TN:
SF:src\pathFinder\pathFinder.service.ts
FN:21,(anonymous_2)
FN:23,(anonymous_3)
FN:59,(anonymous_4)
FN:61,(anonymous_5)
FN:62,(anonymous_6)
FN:64,(anonymous_7)
FN:67,(anonymous_8)
FN:68,(anonymous_9)
FN:70,(anonymous_10)
FN:71,(anonymous_11)
FN:80,(anonymous_12)
FN:91,(anonymous_13)
FN:94,(anonymous_14)
FN:98,(anonymous_15)
FN:116,(anonymous_16)
FN:118,(anonymous_17)
FN:122,(anonymous_18)
FN:149,(anonymous_19)
FN:161,(anonymous_20)
FN:169,(anonymous_21)
FN:204,(anonymous_22)
FN:209,(anonymous_23)
FN:216,(anonymous_24)
FN:220,(anonymous_25)
FN:240,(anonymous_26)
FN:245,(anonymous_27)
FN:260,(anonymous_28)
FN:260,(anonymous_29)
FN:264,(anonymous_30)
FN:267,(anonymous_31)
FN:271,(anonymous_32)
FN:289,(anonymous_33)
FN:292,(anonymous_34)
FN:296,(anonymous_35)
FN:299,(anonymous_36)
FN:306,(anonymous_37)
FN:306,(anonymous_38)
FN:314,(anonymous_39)
FNF:38
FNH:1
FNDA:1,(anonymous_2)
FNDA:0,(anonymous_3)
FNDA:0,(anonymous_4)
FNDA:0,(anonymous_5)
FNDA:0,(anonymous_6)
FNDA:0,(anonymous_7)
FNDA:0,(anonymous_8)
FNDA:0,(anonymous_9)
FNDA:0,(anonymous_10)
FNDA:0,(anonymous_11)
FNDA:0,(anonymous_12)
FNDA:0,(anonymous_13)
FNDA:0,(anonymous_14)
FNDA:0,(anonymous_15)
FNDA:0,(anonymous_16)
FNDA:0,(anonymous_17)
FNDA:0,(anonymous_18)
FNDA:0,(anonymous_19)
FNDA:0,(anonymous_20)
FNDA:0,(anonymous_21)
FNDA:0,(anonymous_22)
FNDA:0,(anonymous_23)
FNDA:0,(anonymous_24)
FNDA:0,(anonymous_25)
FNDA:0,(anonymous_26)
FNDA:0,(anonymous_27)
FNDA:0,(anonymous_28)
FNDA:0,(anonymous_29)
FNDA:0,(anonymous_30)
FNDA:0,(anonymous_31)
FNDA:0,(anonymous_32)
FNDA:0,(anonymous_33)
FNDA:0,(anonymous_34)
FNDA:0,(anonymous_35)
FNDA:0,(anonymous_36)
FNDA:0,(anonymous_37)
FNDA:0,(anonymous_38)
FNDA:0,(anonymous_39)
DA:1,1
DA:2,1
DA:3,1
DA:4,1
DA:5,1
DA:6,1
DA:20,1
DA:21,1
DA:24,0
DA:59,0
DA:61,0
DA:62,0
DA:64,0
DA:68,0
DA:70,0
DA:71,0
DA:77,0
DA:81,0
DA:91,0
DA:94,0
DA:99,0
DA:106,0
DA:107,0
DA:111,0
DA:112,0
DA:115,0
DA:116,0
DA:118,0
DA:119,0
DA:123,0
DA:142,0
DA:143,0
DA:146,0
DA:150,0
DA:156,0
DA:157,0
DA:160,0
DA:161,0
DA:162,0
DA:164,0
DA:166,0
DA:170,0
DA:190,0
DA:191,0
DA:194,0
DA:205,0
DA:209,0
DA:210,0
DA:213,0
DA:214,0
DA:216,0
DA:220,0
DA:226,0
DA:234,0
DA:235,0
DA:239,0
DA:240,0
DA:246,0
DA:257,0
DA:258,0
DA:259,0
DA:260,0
DA:261,0
DA:264,0
DA:267,0
DA:272,0
DA:283,0
DA:284,0
DA:289,0
DA:292,0
DA:297,0
DA:298,0
DA:299,0
DA:305,0
DA:306,0
DA:314,0
DA:316,0
LF:77
LH:8
BRDA:106,0,0,0
BRDA:142,1,0,0
BRDA:156,2,0,0
BRDA:190,3,0,0
BRDA:213,4,0,0
BRDA:216,5,0,0
BRDA:216,5,1,0
BRDA:234,6,0,0
BRDA:257,7,0,0
BRDA:257,7,1,0
BRDA:259,8,0,0
BRDA:283,9,0,0
BRF:12
BRH:0
end_of_record
TN:
SF:src\pathFinder\dto\checkGraph.dto.ts
FN:7,(anonymous_2)
FNF:1
FNH:0
FNDA:0,(anonymous_2)
DA:1,1
DA:3,1
DA:4,1
DA:8,0
LF:4
LH:3
BRF:0
BRH:0
end_of_record
TN:
SF:src\pathFinder\dto\edge.dto.ts
FN:12,(anonymous_2)
FNF:1
FNH:0
FNDA:0,(anonymous_2)
DA:1,1
DA:3,1
DA:4,1
DA:7,1
DA:13,0
DA:14,0
LF:6
LH:4
BRF:0
BRH:0
end_of_record
TN:
SF:src\pathFinder\dto\graph.dto.ts
FN:12,(anonymous_2)
FNF:1
FNH:0
FNDA:0,(anonymous_2)
DA:1,1
DA:5,1
DA:6,1
DA:9,1
DA:13,0
DA:14,0
LF:6
LH:4
BRF:0
BRH:0
end_of_record
TN:
SF:src\pathFinder\dto\index.ts
FNF:0
FNH:0
DA:1,1
DA:2,1
DA:3,1
DA:4,1
DA:5,1
DA:6,1
DA:7,1
DA:8,1
LF:8
LH:8
BRF:0
BRH:0
end_of_record
TN:
SF:src\pathFinder\dto\node.dto.ts
FN:13,(anonymous_2)
FNF:1
FNH:0
FNDA:0,(anonymous_2)
DA:1,1
DA:3,1
DA:4,1
DA:7,1
DA:14,0
DA:15,0
LF:6
LH:4
BRF:0
BRH:0
end_of_record
TN:
SF:src\pathFinder\dto\path.dto.ts
FN:10,(anonymous_2)
FNF:1
FNH:0
FNDA:0,(anonymous_2)
DA:1,1
DA:3,1
DA:4,1
DA:7,1
DA:11,0
DA:12,0
LF:6
LH:4
BRF:0
BRH:0
end_of_record
TN:
SF:src\pathFinder\dto\pathRequest.dto.ts
FN:7,(anonymous_2)
FNF:1
FNH:0
FNDA:0,(anonymous_2)
DA:1,1
DA:7,1
DA:11,1
DA:20,1
DA:27,1
DA:28,0
LF:6
LH:5
BRF:0
BRH:0
end_of_record
TN:
SF:src\pathFinder\dto\search-edge.dto.ts
FN:12,(anonymous_2)
FNF:1
FNH:0
FNDA:0,(anonymous_2)
DA:1,1
DA:5,1
DA:6,1
DA:9,1
DA:13,0
DA:14,0
LF:6
LH:4
BRF:0
BRH:0
end_of_record
TN:
SF:src\pathFinder\dto\search-graph.dto.ts
FN:16,(anonymous_2)
FNF:1
FNH:0
FNDA:0,(anonymous_2)
DA:1,1
DA:6,1
DA:7,1
DA:8,0
DA:10,1
DA:11,0
DA:13,1
DA:14,0
LF:8
LH:5
BRF:0
BRH:0
end_of_record
TN:
SF:src\prisma\prisma.module.ts
FNF:0
FNH:0
DA:1,2
DA:3,2
DA:11,2
LF:3
LH:3
BRF:0
BRH:0
end_of_record
TN:
SF:src\prisma\prisma.service.ts
FN:7,(anonymous_2)
FNF:1
FNH:1
FNDA:12,(anonymous_2)
DA:1,6
DA:2,6
DA:3,6
DA:6,6
DA:8,12
LF:5
LH:5
BRF:0
BRH:0
end_of_record
TN:
SF:src\skills\skill.controller.ts
FN:19,(anonymous_4)
FN:22,(anonymous_5)
FN:27,(anonymous_6)
FN:48,(anonymous_7)
FN:59,(anonymous_8)
FN:69,(anonymous_9)
FN:90,(anonymous_10)
FN:100,(anonymous_11)
FN:121,(anonymous_12)
FN:132,(anonymous_13)
FN:143,(anonymous_14)
FN:148,(anonymous_15)
FN:158,(anonymous_16)
FN:168,(anonymous_17)
FN:178,(anonymous_18)
FN:182,(anonymous_19)
FN:187,(anonymous_20)
FNF:17
FNH:4
FNDA:2,(anonymous_4)
FNDA:0,(anonymous_5)
FNDA:0,(anonymous_6)
FNDA:1,(anonymous_7)
FNDA:2,(anonymous_8)
FNDA:0,(anonymous_9)
FNDA:0,(anonymous_10)
FNDA:0,(anonymous_11)
FNDA:0,(anonymous_12)
FNDA:1,(anonymous_13)
FNDA:0,(anonymous_14)
FNDA:0,(anonymous_15)
FNDA:0,(anonymous_16)
FNDA:0,(anonymous_17)
FNDA:0,(anonymous_18)
FNDA:0,(anonymous_19)
FNDA:0,(anonymous_20)
DA:1,2
DA:2,2
DA:4,2
DA:13,2
DA:18,2
DA:19,2
DA:21,2
DA:23,0
DA:26,2
DA:29,0
DA:33,0
DA:47,2
DA:50,1
DA:59,2
DA:60,2
DA:68,2
DA:71,0
DA:75,0
DA:90,2
DA:91,0
DA:99,2
DA:102,0
DA:106,0
DA:120,2
DA:122,0
DA:131,2
DA:133,1
DA:142,2
DA:144,0
DA:147,2
DA:149,0
DA:157,2
DA:159,0
DA:167,2
DA:169,0
DA:177,2
DA:179,0
DA:181,2
DA:183,0
DA:186,2
DA:188,0
LF:41
LH:25
BRDA:29,0,0,0
BRDA:29,0,1,0
BRDA:34,1,0,0
BRDA:34,1,1,0
BRDA:35,2,0,0
BRDA:35,2,1,0
BRDA:36,3,0,0
BRDA:36,3,1,0
BRDA:38,4,0,0
BRDA:38,4,1,0
BRDA:71,5,0,0
BRDA:71,5,1,0
BRDA:76,6,0,0
BRDA:76,6,1,0
BRDA:77,7,0,0
BRDA:77,7,1,0
BRDA:79,8,0,0
BRDA:79,8,1,0
BRDA:80,9,0,0
BRDA:80,9,1,0
BRDA:102,10,0,0
BRDA:102,10,1,0
BRDA:107,11,0,0
BRDA:107,11,1,0
BRDA:108,12,0,0
BRDA:108,12,1,0
BRDA:110,13,0,0
BRDA:110,13,1,0
BRDA:111,14,0,0
BRDA:111,14,1,0
BRF:30
BRH:0
end_of_record
TN:
SF:src\skills\skill.module.ts
FNF:0
FNH:0
DA:1,2
DA:3,2
DA:4,2
DA:11,2
LF:4
LH:4
BRF:0
BRH:0
end_of_record
TN:
SF:src\skills\skill.service.ts
FN:26,(anonymous_2)
FN:36,(anonymous_3)
FN:54,(anonymous_4)
FN:63,(anonymous_5)
FN:65,(anonymous_6)
FN:68,(anonymous_7)
FN:100,(anonymous_8)
FN:111,(anonymous_9)
FN:115,(anonymous_10)
FN:139,(anonymous_11)
FN:164,(anonymous_12)
FN:181,(anonymous_13)
FN:185,(anonymous_14)
FN:241,(anonymous_15)
FN:261,(anonymous_16)
FN:276,(anonymous_17)
FN:303,(anonymous_18)
FN:307,(anonymous_19)
FN:313,(anonymous_20)
FN:344,(anonymous_21)
FN:358,(anonymous_22)
FN:378,(anonymous_23)
FN:396,(anonymous_24)
FN:412,(anonymous_25)
FN:413,(anonymous_26)
FN:417,(anonymous_27)
FN:434,(anonymous_28)
FN:455,(anonymous_29)
FN:490,(anonymous_30)
FN:537,(anonymous_31)
FN:545,(anonymous_32)
FN:598,(anonymous_33)
FN:629,(anonymous_34)
FN:639,(anonymous_35)
FN:646,(anonymous_36)
FN:658,(anonymous_37)
FN:659,(anonymous_38)
FN:690,(anonymous_39)
FN:697,(anonymous_40)
FN:720,(anonymous_41)
FNF:40
FNH:17
FNDA:3,(anonymous_2)
FNDA:1,(anonymous_3)
FNDA:0,(anonymous_4)
FNDA:0,(anonymous_5)
FNDA:0,(anonymous_6)
FNDA:10,(anonymous_7)
FNDA:9,(anonymous_8)
FNDA:2,(anonymous_9)
FNDA:2,(anonymous_10)
FNDA:0,(anonymous_11)
FNDA:2,(anonymous_12)
FNDA:3,(anonymous_13)
FNDA:3,(anonymous_14)
FNDA:1,(anonymous_15)
FNDA:0,(anonymous_16)
FNDA:10,(anonymous_17)
FNDA:3,(anonymous_18)
FNDA:4,(anonymous_19)
FNDA:0,(anonymous_20)
FNDA:4,(anonymous_21)
FNDA:0,(anonymous_22)
FNDA:1,(anonymous_23)
FNDA:0,(anonymous_24)
FNDA:0,(anonymous_25)
FNDA:0,(anonymous_26)
FNDA:2,(anonymous_27)
FNDA:0,(anonymous_28)
FNDA:0,(anonymous_29)
FNDA:0,(anonymous_30)
FNDA:0,(anonymous_31)
FNDA:0,(anonymous_32)
FNDA:0,(anonymous_33)
FNDA:3,(anonymous_34)
FNDA:0,(anonymous_35)
FNDA:0,(anonymous_36)
FNDA:0,(anonymous_37)
FNDA:0,(anonymous_38)
FNDA:0,(anonymous_39)
FNDA:0,(anonymous_40)
FNDA:0,(anonymous_41)
DA:1,3
DA:3,3
DA:5,3
DA:6,3
DA:25,3
DA:26,3
DA:27,3
DA:39,1
DA:46,1
DA:47,1
DA:50,0
DA:54,0
DA:57,0
DA:65,0
DA:75,10
DA:79,10
DA:80,5
DA:87,5
DA:88,0
DA:89,0
DA:92,10
DA:93,5
DA:94,5
DA:97,10
DA:99,10
DA:100,10
DA:102,10
DA:112,2
DA:116,2
DA:117,2
DA:127,1
DA:129,1
DA:131,1
DA:132,1
DA:135,0
DA:140,0
DA:161,0
DA:165,2
DA:178,2
DA:179,1
DA:181,3
DA:184,1
DA:186,3
DA:210,3
DA:212,1
DA:218,0
DA:226,0
DA:232,0
DA:233,0
DA:236,0
DA:242,1
DA:255,1
DA:256,0
DA:259,1
DA:261,0
DA:263,1
DA:283,10
DA:293,10
DA:294,0
DA:297,10
DA:298,2
DA:300,8
DA:304,3
DA:305,3
DA:307,4
DA:310,3
DA:314,0
DA:315,0
DA:318,0
DA:331,0
DA:332,0
DA:333,0
DA:336,0
DA:346,4
DA:349,3
DA:350,3
DA:351,3
DA:358,0
DA:366,2
DA:368,1
DA:370,1
DA:371,1
DA:374,0
DA:384,1
DA:385,1
DA:388,1
DA:390,0
DA:393,1
DA:397,0
DA:407,0
DA:408,0
DA:411,0
DA:412,0
DA:413,0
DA:414,0
DA:418,2
DA:428,2
DA:429,1
DA:432,1
DA:435,0
DA:441,0
DA:442,0
DA:445,0
DA:456,0
DA:459,0
DA:460,0
DA:462,0
DA:472,0
DA:473,0
DA:476,0
DA:477,0
DA:479,0
DA:481,0
DA:484,0
DA:487,0
DA:497,0
DA:501,0
DA:502,0
DA:507,0
DA:508,0
DA:512,0
DA:513,0
DA:514,0
DA:517,0
DA:518,0
DA:519,0
DA:521,0
DA:528,0
DA:529,0
DA:533,0
DA:534,0
DA:535,0
DA:537,0
DA:539,0
DA:542,0
DA:552,0
DA:556,0
DA:557,0
DA:562,0
DA:563,0
DA:567,0
DA:568,0
DA:569,0
DA:572,0
DA:573,0
DA:574,0
DA:576,0
DA:583,0
DA:584,0
DA:588,0
DA:589,0
DA:590,0
DA:592,0
DA:595,0
DA:601,0
DA:602,0
DA:603,0
DA:607,0
DA:608,0
DA:610,0
DA:611,0
DA:612,0
DA:615,0
DA:616,0
DA:619,0
DA:620,0
DA:624,0
DA:631,3
DA:636,3
DA:641,0
DA:647,0
DA:649,0
DA:650,0
DA:653,0
DA:659,0
DA:661,0
DA:662,0
DA:664,0
DA:665,0
DA:668,0
DA:669,0
DA:673,0
DA:674,0
DA:678,0
DA:679,0
DA:685,0
DA:686,0
DA:690,0
DA:694,0
DA:699,0
DA:700,0
DA:701,0
DA:705,0
DA:706,0
DA:707,0
DA:713,0
DA:720,0
LF:197
LH:67
BRDA:46,0,0,1
BRDA:79,1,0,5
BRDA:79,1,1,5
BRDA:79,2,0,10
BRDA:79,2,1,6
BRDA:79,2,2,5
BRDA:81,3,0,5
BRDA:81,3,1,1
BRDA:82,4,0,5
BRDA:82,4,1,4
BRDA:83,5,0,5
BRDA:83,5,1,5
BRDA:87,6,0,0
BRDA:87,7,0,5
BRDA:87,7,1,5
BRDA:88,8,0,0
BRDA:88,8,1,0
BRDA:89,9,0,0
BRDA:89,9,1,0
BRDA:92,10,0,5
BRDA:92,11,0,10
BRDA:92,11,1,5
BRDA:92,11,2,5
BRDA:92,11,3,5
BRDA:129,12,0,1
BRDA:131,13,0,1
BRDA:178,14,0,1
BRDA:210,15,0,1
BRDA:232,16,0,0
BRDA:255,17,0,0
BRDA:279,18,0,7
BRDA:293,19,0,0
BRDA:297,20,0,2
BRDA:297,21,0,10
BRDA:297,21,1,7
BRDA:350,22,0,3
BRDA:350,22,1,0
BRDA:368,23,0,1
BRDA:370,24,0,1
BRDA:382,25,0,1
BRDA:407,26,0,0
BRDA:428,27,0,1
BRDA:441,28,0,0
BRDA:459,29,0,0
BRDA:459,29,1,0
BRDA:472,30,0,0
BRDA:501,31,0,0
BRDA:501,31,1,0
BRDA:501,32,0,0
BRDA:501,32,1,0
BRDA:503,33,0,0
BRDA:503,33,1,0
BRDA:504,34,0,0
BRDA:504,34,1,0
BRDA:507,35,0,0
BRDA:508,36,0,0
BRDA:508,36,1,0
BRDA:512,37,0,0
BRDA:512,38,0,0
BRDA:512,38,1,0
BRDA:513,39,0,0
BRDA:513,39,1,0
BRDA:514,40,0,0
BRDA:514,40,1,0
BRDA:517,41,0,0
BRDA:517,42,0,0
BRDA:517,42,1,0
BRDA:517,42,2,0
BRDA:517,42,3,0
BRDA:528,43,0,0
BRDA:556,44,0,0
BRDA:556,44,1,0
BRDA:556,45,0,0
BRDA:556,45,1,0
BRDA:558,46,0,0
BRDA:558,46,1,0
BRDA:559,47,0,0
BRDA:559,47,1,0
BRDA:562,48,0,0
BRDA:563,49,0,0
BRDA:563,49,1,0
BRDA:567,50,0,0
BRDA:567,51,0,0
BRDA:567,51,1,0
BRDA:568,52,0,0
BRDA:568,52,1,0
BRDA:569,53,0,0
BRDA:569,53,1,0
BRDA:572,54,0,0
BRDA:572,55,0,0
BRDA:572,55,1,0
BRDA:572,55,2,0
BRDA:572,55,3,0
BRDA:583,56,0,0
BRDA:602,57,0,0
BRDA:611,58,0,0
BRDA:615,59,0,0
BRDA:668,60,0,0
BRDA:668,61,0,0
BRDA:668,61,1,0
BRDA:673,62,0,0
BRDA:678,63,0,0
BRDA:685,64,0,0
BRDA:700,65,0,0
BRDA:706,66,0,0
BRF:105
BRH:32
end_of_record
TN:
SF:src\skills\dto\index.ts
FNF:0
FNH:0
DA:1,4
DA:2,4
DA:3,4
DA:4,4
DA:5,4
DA:6,4
DA:7,4
DA:8,4
DA:9,4
DA:10,4
DA:11,4
DA:12,4
LF:12
LH:12
BRF:0
BRH:0
end_of_record
TN:
SF:src\skills\dto\resolved-skill-repository.dto.ts
FN:20,(anonymous_2)
FN:28,(anonymous_3)
FNF:2
FNH:0
FNDA:0,(anonymous_2)
FNDA:0,(anonymous_3)
DA:1,4
DA:5,4
DA:8,4
DA:9,4
DA:12,4
DA:14,4
DA:17,4
DA:21,0
DA:22,0
DA:23,0
DA:24,0
DA:25,0
DA:29,0
LF:13
LH:7
BRDA:23,0,0,0
BRDA:23,0,1,0
BRDA:24,1,0,0
BRDA:24,1,1,0
BRF:4
BRH:0
end_of_record
TN:
SF:src\skills\dto\skill-creation.dto.ts
FNF:0
FNH:0
DA:1,4
DA:6,4
DA:10,4
DA:13,4
DA:16,4
DA:19,4
DA:22,4
LF:7
LH:7
BRF:0
BRH:0
end_of_record
TN:
SF:src\skills\dto\skill-list-resolved.dto.ts
FN:9,(anonymous_2)
FNF:1
FNH:0
FNDA:0,(anonymous_2)
DA:1,4
DA:5,4
DA:6,4
DA:10,0
LF:4
LH:3
BRF:0
BRH:0
end_of_record
TN:
SF:src\skills\dto\skill-list.dto.ts
FN:9,(anonymous_2)
FNF:1
FNH:0
FNDA:0,(anonymous_2)
DA:1,4
DA:5,4
DA:6,4
DA:10,0
LF:4
LH:3
BRF:0
BRH:0
end_of_record
TN:
SF:src\skills\dto\skill-repository-creation.dto.ts
FNF:0
FNH:0
DA:1,4
DA:2,4
DA:7,4
DA:8,4
DA:11,4
DA:14,4
DA:17,4
DA:20,4
LF:8
LH:8
BRF:0
BRH:0
end_of_record
TN:
SF:src\skills\dto\skill-repository-list.dto.ts
FNF:0
FNH:0
DA:1,4
DA:8,4
DA:9,4
LF:3
LH:3
BRF:0
BRH:0
end_of_record
TN:
SF:src\skills\dto\skill-repository-search.dto.ts
FNF:0
FNH:0
DA:1,4
DA:3,4
DA:4,4
DA:9,4
DA:14,4
DA:17,4
DA:20,4
LF:7
LH:7
BRF:0
BRH:0
end_of_record
TN:
SF:src\skills\dto\skill-repository-selection.dto.ts
FN:13,(anonymous_2)
FNF:1
FNH:1
FNDA:16,(anonymous_2)
DA:1,4
DA:6,4
DA:7,4
DA:10,4
DA:14,16
DA:15,16
LF:6
LH:6
BRDA:15,0,0,16
BRDA:15,0,1,0
BRF:2
BRH:1
end_of_record
TN:
SF:src\skills\dto\skill-repository.dto.ts
FN:17,(anonymous_2)
FN:34,(anonymous_3)
FNF:2
FNH:2
FNDA:16,(anonymous_2)
FNDA:16,(anonymous_3)
DA:1,4
DA:5,4
DA:7,4
DA:8,4
DA:11,4
DA:26,16
DA:27,16
DA:28,16
DA:29,16
DA:30,16
DA:31,16
DA:35,16
LF:12
LH:12
BRDA:29,0,0,16
BRDA:29,0,1,0
BRDA:30,1,0,16
BRDA:30,1,1,15
BRDA:31,2,0,16
BRDA:31,2,1,0
BRF:6
BRH:4
end_of_record
TN:
SF:src\skills\dto\skill-search.dto.ts
FNF:0
FNH:0
DA:1,4
DA:3,4
DA:4,4
DA:9,4
DA:14,4
DA:17,4
DA:20,4
LF:7
LH:7
BRF:0
BRH:0
end_of_record
TN:
SF:src\skills\dto\skill.dto.ts
FN:21,(anonymous_2)
FN:45,(anonymous_3)
FN:46,(anonymous_4)
FN:47,(anonymous_5)
FNF:4
FNH:2
FNDA:2,(anonymous_2)
FNDA:2,(anonymous_3)
FNDA:0,(anonymous_4)
FNDA:0,(anonymous_5)
DA:1,4
DA:5,4
DA:6,4
DA:9,4
DA:10,4
DA:13,4
DA:15,4
DA:18,4
DA:30,2
DA:31,2
DA:32,2
DA:33,2
DA:34,2
DA:35,2
DA:36,2
DA:37,2
DA:46,2
DA:47,2
DA:48,2
LF:19
LH:19
BRDA:33,0,0,2
BRDA:33,0,1,0
BRDA:46,1,0,2
BRDA:46,1,1,0
BRDA:47,2,0,2
BRDA:47,2,1,2
BRF:6
BRH:4
end_of_record
TN:
SF:src\skills\dto\skill.resolved.dto.ts
FN:18,(anonymous_2)
FN:33,(anonymous_3)
FNF:2
FNH:2
FNDA:1,(anonymous_2)
FNDA:1,(anonymous_3)
DA:1,4
DA:5,4
DA:6,4
DA:8,4
DA:9,4
DA:12,4
DA:15,4
DA:19,1
DA:20,1
DA:21,1
DA:22,1
DA:23,1
DA:24,1
DA:25,1
DA:34,1
LF:15
LH:15
BRDA:22,0,0,1
BRDA:22,0,1,1
BRF:2
BRH:2
end_of_record
TN:
SF:src\skills\dto\unresolved-skill-repository.dto.ts
FNF:0
FNH:0
DA:1,0
DA:3,0
DA:5,0
DA:6,0
LF:4
LH:0
BRF:0
BRH:0
end_of_record
TN:
SF:src\user\user.controller.ts
FN:20,(anonymous_4)
FN:28,(anonymous_5)
FN:40,(anonymous_6)
FN:46,(anonymous_7)
FN:52,(anonymous_8)
FN:58,(anonymous_9)
FN:64,(anonymous_10)
FN:70,(anonymous_11)
FN:76,(anonymous_12)
FN:85,(anonymous_13)
FN:90,(anonymous_14)
FN:96,(anonymous_15)
FN:102,(anonymous_16)
FN:111,(anonymous_17)
FNF:14
FNH:0
FNDA:0,(anonymous_4)
FNDA:0,(anonymous_5)
FNDA:0,(anonymous_6)
FNDA:0,(anonymous_7)
FNDA:0,(anonymous_8)
FNDA:0,(anonymous_9)
FNDA:0,(anonymous_10)
FNDA:0,(anonymous_11)
FNDA:0,(anonymous_12)
FNDA:0,(anonymous_13)
FNDA:0,(anonymous_14)
FNDA:0,(anonymous_15)
FNDA:0,(anonymous_16)
FNDA:0,(anonymous_17)
DA:1,0
DA:2,0
DA:3,0
DA:14,0
DA:15,0
DA:19,0
DA:20,0
DA:27,0
DA:29,0
DA:38,0
DA:41,0
DA:44,0
DA:47,0
DA:50,0
DA:53,0
DA:56,0
DA:59,0
DA:62,0
DA:65,0
DA:68,0
DA:71,0
DA:74,0
DA:77,0
DA:84,0
DA:86,0
DA:89,0
DA:91,0
DA:96,0
DA:98,0
DA:102,0
DA:107,0
DA:111,0
DA:112,0
LF:33
LH:0
BRF:0
BRH:0
end_of_record
TN:
SF:src\user\user.module.ts
FNF:0
FNH:0
DA:1,0
DA:3,0
DA:4,0
DA:11,0
LF:4
LH:0
BRF:0
BRH:0
end_of_record
TN:
SF:src\user\user.service.ts
FN:30,(anonymous_2)
FN:32,(anonymous_3)
FN:48,(anonymous_4)
FN:57,(anonymous_5)
FN:71,(anonymous_6)
FN:94,(anonymous_7)
FN:117,(anonymous_8)
FN:138,(anonymous_9)
FN:148,(anonymous_10)
FN:156,(anonymous_11)
FN:160,(anonymous_12)
FN:181,(anonymous_13)
FN:206,(anonymous_14)
FN:226,(anonymous_15)
FN:250,(anonymous_16)
FN:272,(anonymous_17)
FNF:16
FNH:3
FNDA:1,(anonymous_2)
FNDA:0,(anonymous_3)
FNDA:0,(anonymous_4)
FNDA:1,(anonymous_5)
FNDA:1,(anonymous_6)
FNDA:0,(anonymous_7)
FNDA:0,(anonymous_8)
FNDA:0,(anonymous_9)
FNDA:0,(anonymous_10)
FNDA:0,(anonymous_11)
FNDA:0,(anonymous_12)
FNDA:0,(anonymous_13)
FNDA:0,(anonymous_14)
FNDA:0,(anonymous_15)
FNDA:0,(anonymous_16)
FNDA:0,(anonymous_17)
DA:1,1
DA:3,1
DA:4,1
DA:22,1
DA:29,1
DA:30,1
DA:33,0
DA:39,0
DA:41,0
DA:44,0
DA:46,0
DA:52,0
DA:54,0
DA:61,1
DA:62,1
DA:65,0
DA:67,1
DA:72,1
DA:73,1
DA:77,1
DA:78,1
DA:81,0
DA:84,1
DA:96,0
DA:97,0
DA:105,0
DA:107,0
DA:109,0
DA:110,0
DA:113,0
DA:118,0
DA:131,0
DA:132,0
DA:135,0
DA:139,0
DA:141,0
DA:142,0
DA:145,0
DA:149,0
DA:151,0
DA:152,0
DA:155,0
DA:156,0
DA:158,0
DA:162,0
DA:163,0
DA:169,0
DA:171,0
DA:173,0
DA:174,0
DA:177,0
DA:183,0
DA:184,0
DA:194,0
DA:196,0
DA:198,0
DA:199,0
DA:202,0
DA:207,0
DA:208,0
DA:214,0
DA:216,0
DA:218,0
DA:219,0
DA:222,0
DA:227,0
DA:228,0
DA:238,0
DA:240,0
DA:242,0
DA:243,0
DA:246,0
DA:251,0
DA:252,0
DA:260,0
DA:262,0
DA:264,0
DA:265,0
DA:268,0
DA:273,0
DA:274,0
DA:282,0
DA:284,0
DA:286,0
DA:287,0
DA:290,0
LF:86
LH:14
BRDA:39,0,0,0
BRDA:77,1,0,1
BRDA:107,2,0,0
BRDA:109,3,0,0
BRDA:131,4,0,0
BRDA:141,5,0,0
BRDA:151,6,0,0
BRDA:171,7,0,0
BRDA:173,8,0,0
BRDA:196,9,0,0
BRDA:198,10,0,0
BRDA:216,11,0,0
BRDA:218,12,0,0
BRDA:240,13,0,0
BRDA:242,14,0,0
BRDA:262,15,0,0
BRDA:264,16,0,0
BRDA:284,17,0,0
BRDA:286,18,0,0
BRF:19
BRH:1
end_of_record
TN:
SF:src\user\dto\careerProfile-creation.dto.ts
FNF:0
FNH:0
DA:1,1
DA:6,1
DA:14,1
LF:3
LH:3
BRF:0
BRH:0
end_of_record
TN:
SF:src\user\dto\careerProfile.dto.ts
FN:15,(anonymous_2)
FN:29,(anonymous_3)
FNF:2
FNH:0
FNDA:0,(anonymous_2)
FNDA:0,(anonymous_3)
DA:1,1
DA:5,1
DA:9,1
DA:10,1
DA:16,0
DA:18,0
DA:19,0
DA:20,0
DA:21,0
DA:30,0
LF:10
LH:4
BRF:0
BRH:0
end_of_record
TN:
SF:src\user\dto\company-creation.dto.ts
FN:11,(anonymous_2)
FNF:1
FNH:0
FNDA:0,(anonymous_2)
DA:2,1
DA:7,1
DA:8,1
DA:14,0
LF:4
LH:3
BRF:0
BRH:0
end_of_record
TN:
SF:src\user\dto\company.dto.ts
FN:22,(anonymous_2)
FN:31,(anonymous_3)
FNF:2
FNH:0
FNDA:0,(anonymous_2)
FNDA:0,(anonymous_3)
DA:1,1
DA:7,1
DA:9,1
DA:10,1
DA:13,1
DA:27,0
DA:28,0
DA:32,0
LF:8
LH:5
BRF:0
BRH:0
end_of_record
TN:
SF:src\user\dto\index.ts
FNF:0
FNH:0
DA:1,1
DA:2,1
DA:3,1
DA:5,1
DA:6,1
DA:7,1
DA:8,1
DA:9,1
DA:10,1
DA:11,1
DA:12,1
DA:13,1
DA:14,1
DA:15,1
DA:16,1
DA:17,1
LF:16
LH:16
BRF:0
BRH:0
end_of_record
TN:
SF:src\user\dto\job-creation.dto.ts
FN:15,(anonymous_2)
FNF:1
FNH:0
FNDA:0,(anonymous_2)
DA:2,1
DA:7,1
DA:8,1
DA:16,0
DA:17,0
DA:18,0
DA:19,0
DA:20,0
LF:8
LH:3
BRF:0
BRH:0
end_of_record
TN:
SF:src\user\dto\job.dto.ts
FN:13,(anonymous_2)
FN:24,(anonymous_3)
FNF:2
FNH:0
FNDA:0,(anonymous_2)
FNDA:0,(anonymous_3)
DA:1,1
DA:7,1
DA:9,1
DA:10,1
DA:15,0
DA:16,0
DA:17,0
DA:18,0
DA:19,0
DA:20,0
DA:21,0
DA:25,0
LF:12
LH:4
BRF:0
BRH:0
end_of_record
TN:
SF:src\user\dto\learningHistory-creation.dto.ts
FN:11,(anonymous_2)
FNF:1
FNH:0
FNDA:0,(anonymous_2)
DA:2,1
DA:7,1
DA:8,1
DA:14,0
LF:4
LH:3
BRF:0
BRH:0
end_of_record
TN:
SF:src\user\dto\learningHistory.dto.ts
FN:16,(anonymous_2)
FN:25,(anonymous_3)
FNF:2
FNH:0
FNDA:0,(anonymous_2)
FNDA:0,(anonymous_3)
DA:1,1
DA:5,1
DA:7,1
DA:8,1
DA:10,1
DA:21,0
DA:22,0
DA:26,0
LF:8
LH:5
BRF:0
BRH:0
end_of_record
TN:
SF:src\user\dto\learningProfile-creation.dto.ts
FNF:0
FNH:0
DA:1,1
DA:6,1
DA:10,1
DA:13,1
DA:16,1
DA:19,1
DA:22,1
DA:25,1
DA:28,1
LF:9
LH:9
BRF:0
BRH:0
end_of_record
TN:
SF:src\user\dto\learningProfile.dto.ts
FN:14,(anonymous_2)
FN:32,(anonymous_3)
FNF:2
FNH:0
FNDA:0,(anonymous_2)
FNDA:0,(anonymous_3)
DA:1,1
DA:6,1
DA:8,1
DA:9,1
DA:15,0
DA:17,0
DA:18,0
DA:19,0
DA:20,0
DA:21,0
DA:22,0
DA:23,0
DA:24,0
DA:33,0
LF:14
LH:4
BRDA:18,0,0,0
BRDA:18,0,1,0
BRDA:19,1,0,0
BRDA:19,1,1,0
BRDA:20,2,0,0
BRDA:20,2,1,0
BRDA:21,3,0,0
BRDA:21,3,1,0
BRDA:22,4,0,0
BRDA:22,4,1,0
BRDA:23,5,0,0
BRDA:23,5,1,0
BRF:12
BRH:0
end_of_record
TN:
SF:src\user\dto\learningProgress-creation.dto.ts
FNF:0
FNH:0
DA:1,1
DA:3,1
DA:4,1
LF:3
LH:3
BRF:0
BRH:0
end_of_record
TN:
SF:src\user\dto\learningProgress-deletion.dto.ts
FNF:0
FNH:0
DA:1,0
DA:3,0
DA:4,0
LF:3
LH:0
BRF:0
BRH:0
end_of_record
TN:
SF:src\user\dto\learningProgress-update.dto.ts
FNF:0
FNH:0
DA:1,1
LF:1
LH:1
BRF:0
BRH:0
end_of_record
TN:
SF:src\user\dto\qualification-creation.dto.ts
FNF:0
FNH:0
DA:1,1
DA:6,1
DA:11,1
DA:14,1
DA:17,1
DA:20,1
LF:6
LH:6
BRF:0
BRH:0
end_of_record
TN:
SF:src\user\dto\qualification.dto.ts
FN:14,(anonymous_2)
FN:27,(anonymous_3)
FNF:2
FNH:0
FNDA:0,(anonymous_2)
FNDA:0,(anonymous_3)
DA:1,1
DA:5,1
DA:7,1
DA:8,1
DA:11,1
DA:15,0
DA:16,0
DA:17,0
DA:18,0
DA:19,0
DA:28,0
LF:11
LH:5
BRF:0
BRH:0
end_of_record
TN:
SF:src\user\dto\user-creation.dto.ts
FN:14,(anonymous_2)
FNF:1
FNH:0
FNDA:0,(anonymous_2)
DA:2,1
DA:7,1
DA:8,1
DA:11,1
DA:17,0
DA:18,0
LF:6
LH:4
BRDA:18,0,0,0
BRDA:18,0,1,0
BRF:2
BRH:0
end_of_record
TN:
SF:src\user\dto\user-list.dto.ts
FN:5,(anonymous_2)
FNF:1
FNH:0
FNDA:0,(anonymous_2)
DA:1,1
DA:5,1
DA:6,1
DA:7,0
LF:4
LH:3
BRF:0
BRH:0
end_of_record
TN:
SF:src\user\dto\user.dto.ts
FN:11,(anonymous_2)
FN:17,(anonymous_3)
FNF:2
FNH:0
FNDA:0,(anonymous_2)
FNDA:0,(anonymous_3)
DA:1,1
DA:5,1
DA:7,1
DA:8,1
DA:12,0
DA:13,0
DA:14,0
DA:18,0
LF:8
LH:4
BRF:0
BRH:0
end_of_record
